<?xml version="1.0" encoding="UTF-8"?>
<testng-results ignored="0" total="1" passed="1" failed="0" skipped="0">
  <reporter-output>
    <line>
      <![CDATA[Login Sbi collect App]]>
    </line>
    <line>
      <![CDATA[close the app]]>
    </line>
    <line>
      <![CDATA[close the browser]]>
    </line>
  </reporter-output>
  <suite started-at="2023-01-15T09:49:39 IST" name="Default suite" finished-at="2023-01-15T09:50:29 IST" duration-ms="49804">
    <groups>
    </groups>
    <test started-at="2023-01-15T09:49:39 IST" name="Default test" finished-at="2023-01-15T09:50:29 IST" duration-ms="49804">
      <class name="SbiCollectTestC.LoginTestC">
        <test-method is-config="true" signature="openbrowser()[pri:0, instance:SbiCollectTestC.LoginTestC@4d154ccd]" started-at="2023-01-15T09:49:39 IST" name="openbrowser" finished-at="2023-01-15T09:50:28 IST" duration-ms="48389" status="PASS">
          <reporter-output>
          </reporter-output>
        </test-method> <!-- openbrowser -->
        <test-method is-config="true" signature="login()[pri:0, instance:SbiCollectTestC.LoginTestC@4d154ccd]" started-at="2023-01-15T09:50:28 IST" name="login" finished-at="2023-01-15T09:50:28 IST" duration-ms="1" status="PASS">
          <reporter-output>
            <line>
              <![CDATA[Login Sbi collect App]]>
            </line>
          </reporter-output>
        </test-method> <!-- login -->
        <test-method signature="loginapp()[pri:0, instance:SbiCollectTestC.LoginTestC@4d154ccd]" started-at="2023-01-15T09:50:28 IST" name="loginapp" finished-at="2023-01-15T09:50:29 IST" duration-ms="1379" status="PASS">
          <reporter-output>
          </reporter-output>
        </test-method> <!-- loginapp -->
        <test-method is-config="true" signature="closeapp()[pri:0, instance:SbiCollectTestC.LoginTestC@4d154ccd]" started-at="2023-01-15T09:50:29 IST" name="closeapp" finished-at="2023-01-15T09:50:29 IST" duration-ms="0" status="PASS">
          <reporter-output>
            <line>
              <![CDATA[close the app]]>
            </line>
          </reporter-output>
        </test-method> <!-- closeapp -->
        <test-method is-config="true" signature="closebrowser()[pri:0, instance:SbiCollectTestC.LoginTestC@4d154ccd]" started-at="2023-01-15T09:50:29 IST" name="closebrowser" finished-at="2023-01-15T09:50:29 IST" duration-ms="0" status="PASS">
          <reporter-output>
            <line>
              <![CDATA[close the browser]]>
            </line>
          </reporter-output>
        </test-method> <!-- closebrowser -->
      </class> <!-- SbiCollectTestC.LoginTestC -->
    </test> <!-- Default test -->
  </suite> <!-- Default suite -->
</testng-results>
